Build output check failed:
    Regex: 'argument .* is not valid'
    Output line: 'cc1: warning: ‘-Werror=’ argument ‘-Werror=non-virtual-dtor’ is not valid for C'
Compilation failed:
    source file: '/home/joel/Documents/HPC/hpc-dino-game/opencv/build/CMakeFiles/CMakeTmp/src.c'
    check option: ' -fsigned-char -W -Wall -Werror=return-type  -Werror=non-virtual-dtor'
===== BUILD LOG =====
Change Dir: /home/joel/Documents/HPC/hpc-dino-game/opencv/build/CMakeFiles/CMakeTmp

Run Build Command(s):/usr/bin/make cmTC_62e8a/fast && /usr/bin/make -f CMakeFiles/cmTC_62e8a.dir/build.make CMakeFiles/cmTC_62e8a.dir/build
make[1]: Entering directory '/home/joel/Documents/HPC/hpc-dino-game/opencv/build/CMakeFiles/CMakeTmp'
Building C object CMakeFiles/cmTC_62e8a.dir/src.c.o
/usr/bin/cc   -O3 -DNDEBUG -fPIE    -fsigned-char -W -Wall -Werror=return-type  -Werror=non-virtual-dtor -o CMakeFiles/cmTC_62e8a.dir/src.c.o   -c /home/joel/Documents/HPC/hpc-dino-game/opencv/build/CMakeFiles/CMakeTmp/src.c
cc1: warning: ‘-Werror=’ argument ‘-Werror=non-virtual-dtor’ is not valid for C
/home/joel/Documents/HPC/hpc-dino-game/opencv/build/CMakeFiles/CMakeTmp/src.c:1: warning: ignoring #pragma   [-Wunknown-pragmas]
    1 | #pragma
      | 
Linking C executable cmTC_62e8a
/usr/bin/cmake -E cmake_link_script CMakeFiles/cmTC_62e8a.dir/link.txt --verbose=1
/usr/bin/cc   -O3 -DNDEBUG    CMakeFiles/cmTC_62e8a.dir/src.c.o  -o cmTC_62e8a 
make[1]: Leaving directory '/home/joel/Documents/HPC/hpc-dino-game/opencv/build/CMakeFiles/CMakeTmp'


===== END =====

Build output check failed:
    Regex: 'command[- ]line option .* is valid for .* but not for C\+\+'
    Output line: 'cc1plus: warning: command line option ‘-Wmissing-prototypes’ is valid for C/ObjC but not for C++'
Compilation failed:
    source file: '/home/joel/Documents/HPC/hpc-dino-game/opencv/build/CMakeFiles/CMakeTmp/src.cxx'
    check option: ' -fsigned-char -W -Wall -Werror=return-type -Werror=non-virtual-dtor -Werror=address -Werror=sequence-point -Wformat -Werror=format-security -Wmissing-declarations  -Wmissing-prototypes'
===== BUILD LOG =====
Change Dir: /home/joel/Documents/HPC/hpc-dino-game/opencv/build/CMakeFiles/CMakeTmp

Run Build Command(s):/usr/bin/make cmTC_185d1/fast && /usr/bin/make -f CMakeFiles/cmTC_185d1.dir/build.make CMakeFiles/cmTC_185d1.dir/build
make[1]: Entering directory '/home/joel/Documents/HPC/hpc-dino-game/opencv/build/CMakeFiles/CMakeTmp'
Building CXX object CMakeFiles/cmTC_185d1.dir/src.cxx.o
/usr/bin/c++    -O3 -DNDEBUG -fPIE    -fsigned-char -W -Wall -Werror=return-type -Werror=non-virtual-dtor -Werror=address -Werror=sequence-point -Wformat -Werror=format-security -Wmissing-declarations  -Wmissing-prototypes -std=c++11 -o CMakeFiles/cmTC_185d1.dir/src.cxx.o -c /home/joel/Documents/HPC/hpc-dino-game/opencv/build/CMakeFiles/CMakeTmp/src.cxx
cc1plus: warning: command line option ‘-Wmissing-prototypes’ is valid for C/ObjC but not for C++
/home/joel/Documents/HPC/hpc-dino-game/opencv/build/CMakeFiles/CMakeTmp/src.cxx:1: warning: ignoring #pragma   [-Wunknown-pragmas]
    1 | #pragma
      | 
Linking CXX executable cmTC_185d1
/usr/bin/cmake -E cmake_link_script CMakeFiles/cmTC_185d1.dir/link.txt --verbose=1
/usr/bin/c++    -O3 -DNDEBUG    CMakeFiles/cmTC_185d1.dir/src.cxx.o  -o cmTC_185d1 
make[1]: Leaving directory '/home/joel/Documents/HPC/hpc-dino-game/opencv/build/CMakeFiles/CMakeTmp'


===== END =====

Build output check failed:
    Regex: 'command[- ]line option .* is valid for .* but not for C\+\+'
    Output line: 'cc1plus: warning: command line option ‘-Wstrict-prototypes’ is valid for C/ObjC but not for C++'
Compilation failed:
    source file: '/home/joel/Documents/HPC/hpc-dino-game/opencv/build/CMakeFiles/CMakeTmp/src.cxx'
    check option: ' -fsigned-char -W -Wall -Werror=return-type -Werror=non-virtual-dtor -Werror=address -Werror=sequence-point -Wformat -Werror=format-security -Wmissing-declarations  -Wstrict-prototypes'
===== BUILD LOG =====
Change Dir: /home/joel/Documents/HPC/hpc-dino-game/opencv/build/CMakeFiles/CMakeTmp

Run Build Command(s):/usr/bin/make cmTC_46966/fast && /usr/bin/make -f CMakeFiles/cmTC_46966.dir/build.make CMakeFiles/cmTC_46966.dir/build
make[1]: Entering directory '/home/joel/Documents/HPC/hpc-dino-game/opencv/build/CMakeFiles/CMakeTmp'
Building CXX object CMakeFiles/cmTC_46966.dir/src.cxx.o
/usr/bin/c++    -O3 -DNDEBUG -fPIE    -fsigned-char -W -Wall -Werror=return-type -Werror=non-virtual-dtor -Werror=address -Werror=sequence-point -Wformat -Werror=format-security -Wmissing-declarations  -Wstrict-prototypes -std=c++11 -o CMakeFiles/cmTC_46966.dir/src.cxx.o -c /home/joel/Documents/HPC/hpc-dino-game/opencv/build/CMakeFiles/CMakeTmp/src.cxx
cc1plus: warning: command line option ‘-Wstrict-prototypes’ is valid for C/ObjC but not for C++
/home/joel/Documents/HPC/hpc-dino-game/opencv/build/CMakeFiles/CMakeTmp/src.cxx:1: warning: ignoring #pragma   [-Wunknown-pragmas]
    1 | #pragma
      | 
Linking CXX executable cmTC_46966
/usr/bin/cmake -E cmake_link_script CMakeFiles/cmTC_46966.dir/link.txt --verbose=1
/usr/bin/c++    -O3 -DNDEBUG    CMakeFiles/cmTC_46966.dir/src.cxx.o  -o cmTC_46966 
make[1]: Leaving directory '/home/joel/Documents/HPC/hpc-dino-game/opencv/build/CMakeFiles/CMakeTmp'


===== END =====

Build output check failed:
    Regex: 'command[- ]line option .* is valid for .* but not for C'
    Output line: 'cc1: warning: command line option ‘-Wsign-promo’ is valid for C++/ObjC++ but not for C'
Compilation failed:
    source file: '/home/joel/Documents/HPC/hpc-dino-game/opencv/build/CMakeFiles/CMakeTmp/src.c'
    check option: ' -fsigned-char -W -Wall -Werror=return-type -Werror=address -Werror=sequence-point -Wformat -Werror=format-security -Wmissing-declarations -Wmissing-prototypes -Wstrict-prototypes -Wundef -Winit-self -Wpointer-arith -Wshadow  -Wsign-promo'
===== BUILD LOG =====
Change Dir: /home/joel/Documents/HPC/hpc-dino-game/opencv/build/CMakeFiles/CMakeTmp

Run Build Command(s):/usr/bin/make cmTC_03f48/fast && /usr/bin/make -f CMakeFiles/cmTC_03f48.dir/build.make CMakeFiles/cmTC_03f48.dir/build
make[1]: Entering directory '/home/joel/Documents/HPC/hpc-dino-game/opencv/build/CMakeFiles/CMakeTmp'
Building C object CMakeFiles/cmTC_03f48.dir/src.c.o
/usr/bin/cc   -O3 -DNDEBUG -fPIE    -fsigned-char -W -Wall -Werror=return-type -Werror=address -Werror=sequence-point -Wformat -Werror=format-security -Wmissing-declarations -Wmissing-prototypes -Wstrict-prototypes -Wundef -Winit-self -Wpointer-arith -Wshadow  -Wsign-promo -o CMakeFiles/cmTC_03f48.dir/src.c.o   -c /home/joel/Documents/HPC/hpc-dino-game/opencv/build/CMakeFiles/CMakeTmp/src.c
cc1: warning: command line option ‘-Wsign-promo’ is valid for C++/ObjC++ but not for C
/home/joel/Documents/HPC/hpc-dino-game/opencv/build/CMakeFiles/CMakeTmp/src.c:1: warning: ignoring #pragma   [-Wunknown-pragmas]
    1 | #pragma
      | 
Linking C executable cmTC_03f48
/usr/bin/cmake -E cmake_link_script CMakeFiles/cmTC_03f48.dir/link.txt --verbose=1
/usr/bin/cc   -O3 -DNDEBUG    CMakeFiles/cmTC_03f48.dir/src.c.o  -o cmTC_03f48 
make[1]: Leaving directory '/home/joel/Documents/HPC/hpc-dino-game/opencv/build/CMakeFiles/CMakeTmp'


===== END =====

Build output check failed:
    Regex: 'command[- ]line option .* is valid for .* but not for C'
    Output line: 'cc1: warning: command line option ‘-Wsuggest-override’ is valid for C++/ObjC++ but not for C'
Compilation failed:
    source file: '/home/joel/Documents/HPC/hpc-dino-game/opencv/build/CMakeFiles/CMakeTmp/src.c'
    check option: ' -fsigned-char -W -Wall -Werror=return-type -Werror=address -Werror=sequence-point -Wformat -Werror=format-security -Wmissing-declarations -Wmissing-prototypes -Wstrict-prototypes -Wundef -Winit-self -Wpointer-arith -Wshadow -Wuninitialized -Winit-self  -Wsuggest-override'
===== BUILD LOG =====
Change Dir: /home/joel/Documents/HPC/hpc-dino-game/opencv/build/CMakeFiles/CMakeTmp

Run Build Command(s):/usr/bin/make cmTC_17022/fast && /usr/bin/make -f CMakeFiles/cmTC_17022.dir/build.make CMakeFiles/cmTC_17022.dir/build
make[1]: Entering directory '/home/joel/Documents/HPC/hpc-dino-game/opencv/build/CMakeFiles/CMakeTmp'
Building C object CMakeFiles/cmTC_17022.dir/src.c.o
/usr/bin/cc   -O3 -DNDEBUG -fPIE    -fsigned-char -W -Wall -Werror=return-type -Werror=address -Werror=sequence-point -Wformat -Werror=format-security -Wmissing-declarations -Wmissing-prototypes -Wstrict-prototypes -Wundef -Winit-self -Wpointer-arith -Wshadow -Wuninitialized -Winit-self  -Wsuggest-override -o CMakeFiles/cmTC_17022.dir/src.c.o   -c /home/joel/Documents/HPC/hpc-dino-game/opencv/build/CMakeFiles/CMakeTmp/src.c
cc1: warning: command line option ‘-Wsuggest-override’ is valid for C++/ObjC++ but not for C
/home/joel/Documents/HPC/hpc-dino-game/opencv/build/CMakeFiles/CMakeTmp/src.c:1: warning: ignoring #pragma   [-Wunknown-pragmas]
    1 | #pragma
      | 
Linking C executable cmTC_17022
/usr/bin/cmake -E cmake_link_script CMakeFiles/cmTC_17022.dir/link.txt --verbose=1
/usr/bin/cc   -O3 -DNDEBUG    CMakeFiles/cmTC_17022.dir/src.c.o  -o cmTC_17022 
make[1]: Leaving directory '/home/joel/Documents/HPC/hpc-dino-game/opencv/build/CMakeFiles/CMakeTmp'


===== END =====

Build output check failed:
    Regex: 'command[- ]line option .* is valid for .* but not for C'
    Output line: 'cc1: warning: command line option ‘-Wno-delete-non-virtual-dtor’ is valid for C++/ObjC++ but not for C'
Compilation failed:
    source file: '/home/joel/Documents/HPC/hpc-dino-game/opencv/build/CMakeFiles/CMakeTmp/src.c'
    check option: ' -fsigned-char -W -Wall -Werror=return-type -Werror=address -Werror=sequence-point -Wformat -Werror=format-security -Wmissing-declarations -Wmissing-prototypes -Wstrict-prototypes -Wundef -Winit-self -Wpointer-arith -Wshadow -Wuninitialized -Winit-self  -Wno-delete-non-virtual-dtor'
===== BUILD LOG =====
Change Dir: /home/joel/Documents/HPC/hpc-dino-game/opencv/build/CMakeFiles/CMakeTmp

Run Build Command(s):/usr/bin/make cmTC_c78ac/fast && /usr/bin/make -f CMakeFiles/cmTC_c78ac.dir/build.make CMakeFiles/cmTC_c78ac.dir/build
make[1]: Entering directory '/home/joel/Documents/HPC/hpc-dino-game/opencv/build/CMakeFiles/CMakeTmp'
Building C object CMakeFiles/cmTC_c78ac.dir/src.c.o
/usr/bin/cc   -O3 -DNDEBUG -fPIE    -fsigned-char -W -Wall -Werror=return-type -Werror=address -Werror=sequence-point -Wformat -Werror=format-security -Wmissing-declarations -Wmissing-prototypes -Wstrict-prototypes -Wundef -Winit-self -Wpointer-arith -Wshadow -Wuninitialized -Winit-self  -Wno-delete-non-virtual-dtor -o CMakeFiles/cmTC_c78ac.dir/src.c.o   -c /home/joel/Documents/HPC/hpc-dino-game/opencv/build/CMakeFiles/CMakeTmp/src.c
cc1: warning: command line option ‘-Wno-delete-non-virtual-dtor’ is valid for C++/ObjC++ but not for C
/home/joel/Documents/HPC/hpc-dino-game/opencv/build/CMakeFiles/CMakeTmp/src.c:1: warning: ignoring #pragma   [-Wunknown-pragmas]
    1 | #pragma
      | 
Linking C executable cmTC_c78ac
/usr/bin/cmake -E cmake_link_script CMakeFiles/cmTC_c78ac.dir/link.txt --verbose=1
/usr/bin/cc   -O3 -DNDEBUG    CMakeFiles/cmTC_c78ac.dir/src.c.o  -o cmTC_c78ac 
make[1]: Leaving directory '/home/joel/Documents/HPC/hpc-dino-game/opencv/build/CMakeFiles/CMakeTmp'


===== END =====

Build output check failed:
    Regex: 'unrecognized .*option'
    Output line: 'cc1plus: warning: unrecognized command line option ‘-Wno-unnamed-type-template-args’'
Compilation failed:
    source file: '/home/joel/Documents/HPC/hpc-dino-game/opencv/build/CMakeFiles/CMakeTmp/src.cxx'
    check option: ' -fsigned-char -W -Wall -Werror=return-type -Werror=non-virtual-dtor -Werror=address -Werror=sequence-point -Wformat -Werror=format-security -Wmissing-declarations -Wundef -Winit-self -Wpointer-arith -Wshadow -Wsign-promo -Wuninitialized -Winit-self -Wsuggest-override -Wno-delete-non-virtual-dtor  -Wno-unnamed-type-template-args'
===== BUILD LOG =====
Change Dir: /home/joel/Documents/HPC/hpc-dino-game/opencv/build/CMakeFiles/CMakeTmp

Run Build Command(s):/usr/bin/make cmTC_797bc/fast && /usr/bin/make -f CMakeFiles/cmTC_797bc.dir/build.make CMakeFiles/cmTC_797bc.dir/build
make[1]: Entering directory '/home/joel/Documents/HPC/hpc-dino-game/opencv/build/CMakeFiles/CMakeTmp'
Building CXX object CMakeFiles/cmTC_797bc.dir/src.cxx.o
/usr/bin/c++    -O3 -DNDEBUG -fPIE    -fsigned-char -W -Wall -Werror=return-type -Werror=non-virtual-dtor -Werror=address -Werror=sequence-point -Wformat -Werror=format-security -Wmissing-declarations -Wundef -Winit-self -Wpointer-arith -Wshadow -Wsign-promo -Wuninitialized -Winit-self -Wsuggest-override -Wno-delete-non-virtual-dtor  -Wno-unnamed-type-template-args -std=c++11 -o CMakeFiles/cmTC_797bc.dir/src.cxx.o -c /home/joel/Documents/HPC/hpc-dino-game/opencv/build/CMakeFiles/CMakeTmp/src.cxx
/home/joel/Documents/HPC/hpc-dino-game/opencv/build/CMakeFiles/CMakeTmp/src.cxx:1: warning: ignoring #pragma   [-Wunknown-pragmas]
    1 | #pragma
      | 
cc1plus: warning: unrecognized command line option ‘-Wno-unnamed-type-template-args’
Linking CXX executable cmTC_797bc
/usr/bin/cmake -E cmake_link_script CMakeFiles/cmTC_797bc.dir/link.txt --verbose=1
/usr/bin/c++    -O3 -DNDEBUG    CMakeFiles/cmTC_797bc.dir/src.cxx.o  -o cmTC_797bc 
make[1]: Leaving directory '/home/joel/Documents/HPC/hpc-dino-game/opencv/build/CMakeFiles/CMakeTmp'


===== END =====

Build output check failed:
    Regex: 'unrecognized .*option'
    Output line: 'cc1: warning: unrecognized command line option ‘-Wno-unnamed-type-template-args’'
Compilation failed:
    source file: '/home/joel/Documents/HPC/hpc-dino-game/opencv/build/CMakeFiles/CMakeTmp/src.c'
    check option: ' -fsigned-char -W -Wall -Werror=return-type -Werror=address -Werror=sequence-point -Wformat -Werror=format-security -Wmissing-declarations -Wmissing-prototypes -Wstrict-prototypes -Wundef -Winit-self -Wpointer-arith -Wshadow -Wuninitialized -Winit-self  -Wno-unnamed-type-template-args'
===== BUILD LOG =====
Change Dir: /home/joel/Documents/HPC/hpc-dino-game/opencv/build/CMakeFiles/CMakeTmp

Run Build Command(s):/usr/bin/make cmTC_2f92e/fast && /usr/bin/make -f CMakeFiles/cmTC_2f92e.dir/build.make CMakeFiles/cmTC_2f92e.dir/build
make[1]: Entering directory '/home/joel/Documents/HPC/hpc-dino-game/opencv/build/CMakeFiles/CMakeTmp'
Building C object CMakeFiles/cmTC_2f92e.dir/src.c.o
/usr/bin/cc   -O3 -DNDEBUG -fPIE    -fsigned-char -W -Wall -Werror=return-type -Werror=address -Werror=sequence-point -Wformat -Werror=format-security -Wmissing-declarations -Wmissing-prototypes -Wstrict-prototypes -Wundef -Winit-self -Wpointer-arith -Wshadow -Wuninitialized -Winit-self  -Wno-unnamed-type-template-args -o CMakeFiles/cmTC_2f92e.dir/src.c.o   -c /home/joel/Documents/HPC/hpc-dino-game/opencv/build/CMakeFiles/CMakeTmp/src.c
/home/joel/Documents/HPC/hpc-dino-game/opencv/build/CMakeFiles/CMakeTmp/src.c:1: warning: ignoring #pragma   [-Wunknown-pragmas]
    1 | #pragma
      | 
cc1: warning: unrecognized command line option ‘-Wno-unnamed-type-template-args’
Linking C executable cmTC_2f92e
/usr/bin/cmake -E cmake_link_script CMakeFiles/cmTC_2f92e.dir/link.txt --verbose=1
/usr/bin/cc   -O3 -DNDEBUG    CMakeFiles/cmTC_2f92e.dir/src.c.o  -o cmTC_2f92e 
make[1]: Leaving directory '/home/joel/Documents/HPC/hpc-dino-game/opencv/build/CMakeFiles/CMakeTmp'


===== END =====

Build output check failed:
    Regex: 'command[- ]line option .* is valid for .* but not for C'
    Output line: 'cc1: warning: command line option ‘-fvisibility-inlines-hidden’ is valid for C++/ObjC++ but not for C'
Compilation failed:
    source file: '/home/joel/Documents/HPC/hpc-dino-game/opencv/build/CMakeFiles/CMakeTmp/src.c'
    check option: ' -fsigned-char -W -Wall -Werror=return-type -Werror=address -Werror=sequence-point -Wformat -Werror=format-security -Wmissing-declarations -Wmissing-prototypes -Wstrict-prototypes -Wundef -Winit-self -Wpointer-arith -Wshadow -Wuninitialized -Winit-self -Wno-comment -Wimplicit-fallthrough=3 -Wno-strict-overflow -fdiagnostics-show-option -Wno-long-long -pthread -fomit-frame-pointer -ffunction-sections -fdata-sections  -msse -msse2 -msse3 -fvisibility=hidden  -fvisibility-inlines-hidden'
===== BUILD LOG =====
Change Dir: /home/joel/Documents/HPC/hpc-dino-game/opencv/build/CMakeFiles/CMakeTmp

Run Build Command(s):/usr/bin/make cmTC_98002/fast && /usr/bin/make -f CMakeFiles/cmTC_98002.dir/build.make CMakeFiles/cmTC_98002.dir/build
make[1]: Entering directory '/home/joel/Documents/HPC/hpc-dino-game/opencv/build/CMakeFiles/CMakeTmp'
Building C object CMakeFiles/cmTC_98002.dir/src.c.o
/usr/bin/cc   -O3 -DNDEBUG -fPIE    -fsigned-char -W -Wall -Werror=return-type -Werror=address -Werror=sequence-point -Wformat -Werror=format-security -Wmissing-declarations -Wmissing-prototypes -Wstrict-prototypes -Wundef -Winit-self -Wpointer-arith -Wshadow -Wuninitialized -Winit-self -Wno-comment -Wimplicit-fallthrough=3 -Wno-strict-overflow -fdiagnostics-show-option -Wno-long-long -pthread -fomit-frame-pointer -ffunction-sections -fdata-sections  -msse -msse2 -msse3 -fvisibility=hidden  -fvisibility-inlines-hidden -o CMakeFiles/cmTC_98002.dir/src.c.o   -c /home/joel/Documents/HPC/hpc-dino-game/opencv/build/CMakeFiles/CMakeTmp/src.c
cc1: warning: command line option ‘-fvisibility-inlines-hidden’ is valid for C++/ObjC++ but not for C
/home/joel/Documents/HPC/hpc-dino-game/opencv/build/CMakeFiles/CMakeTmp/src.c:1: warning: ignoring #pragma   [-Wunknown-pragmas]
    1 | #pragma
      | 
Linking C executable cmTC_98002
/usr/bin/cmake -E cmake_link_script CMakeFiles/cmTC_98002.dir/link.txt --verbose=1
/usr/bin/cc   -O3 -DNDEBUG    CMakeFiles/cmTC_98002.dir/src.c.o  -o cmTC_98002 
make[1]: Leaving directory '/home/joel/Documents/HPC/hpc-dino-game/opencv/build/CMakeFiles/CMakeTmp'


===== END =====

Determining if the function sgemm_ exists failed with the following output:
Change Dir: /home/joel/Documents/HPC/hpc-dino-game/opencv/build/CMakeFiles/CMakeTmp

Run Build Command(s):/usr/bin/make cmTC_93e3a/fast && /usr/bin/make -f CMakeFiles/cmTC_93e3a.dir/build.make CMakeFiles/cmTC_93e3a.dir/build
make[1]: Entering directory '/home/joel/Documents/HPC/hpc-dino-game/opencv/build/CMakeFiles/CMakeTmp'
Building C object CMakeFiles/cmTC_93e3a.dir/CheckFunctionExists.c.o
/usr/bin/cc   -fsigned-char -W -Wall -Werror=return-type -Werror=address -Werror=sequence-point -Wformat -Werror=format-security -Wmissing-declarations -Wmissing-prototypes -Wstrict-prototypes -Wundef -Winit-self -Wpointer-arith -Wshadow -Wuninitialized -Winit-self -Wno-comment -Wimplicit-fallthrough=3 -Wno-strict-overflow -fdiagnostics-show-option -Wno-long-long -pthread -fomit-frame-pointer -ffunction-sections -fdata-sections  -msse -msse2 -msse3 -fvisibility=hidden -DCHECK_FUNCTION_EXISTS=sgemm_ -O3 -DNDEBUG  -DNDEBUG -fPIE   -o CMakeFiles/cmTC_93e3a.dir/CheckFunctionExists.c.o   -c /usr/share/cmake-3.16/Modules/CheckFunctionExists.c
Linking C executable cmTC_93e3a
/usr/bin/cmake -E cmake_link_script CMakeFiles/cmTC_93e3a.dir/link.txt --verbose=1
/usr/bin/cc    -fsigned-char -W -Wall -Werror=return-type -Werror=address -Werror=sequence-point -Wformat -Werror=format-security -Wmissing-declarations -Wmissing-prototypes -Wstrict-prototypes -Wundef -Winit-self -Wpointer-arith -Wshadow -Wuninitialized -Winit-self -Wno-comment -Wimplicit-fallthrough=3 -Wno-strict-overflow -fdiagnostics-show-option -Wno-long-long -pthread -fomit-frame-pointer -ffunction-sections -fdata-sections  -msse -msse2 -msse3 -fvisibility=hidden -DCHECK_FUNCTION_EXISTS=sgemm_ -O3 -DNDEBUG  -DNDEBUG    -Wl,--gc-sections -Wl,--as-needed  CMakeFiles/cmTC_93e3a.dir/CheckFunctionExists.c.o  -o cmTC_93e3a 
/usr/bin/ld: CMakeFiles/cmTC_93e3a.dir/CheckFunctionExists.c.o: in function `main':
CheckFunctionExists.c:(.text.startup.main+0x10): undefined reference to `sgemm_'
collect2: error: ld returned 1 exit status
make[1]: *** [CMakeFiles/cmTC_93e3a.dir/build.make:87: cmTC_93e3a] Error 1
make[1]: Leaving directory '/home/joel/Documents/HPC/hpc-dino-game/opencv/build/CMakeFiles/CMakeTmp'
make: *** [Makefile:121: cmTC_93e3a/fast] Error 2



Determining if the function cheev_ exists failed with the following output:
Change Dir: /home/joel/Documents/HPC/hpc-dino-game/opencv/build/CMakeFiles/CMakeTmp

Run Build Command(s):/usr/bin/make cmTC_61634/fast && /usr/bin/make -f CMakeFiles/cmTC_61634.dir/build.make CMakeFiles/cmTC_61634.dir/build
make[1]: Entering directory '/home/joel/Documents/HPC/hpc-dino-game/opencv/build/CMakeFiles/CMakeTmp'
Building C object CMakeFiles/cmTC_61634.dir/CheckFunctionExists.c.o
/usr/bin/cc   -fsigned-char -W -Wall -Werror=return-type -Werror=address -Werror=sequence-point -Wformat -Werror=format-security -Wmissing-declarations -Wmissing-prototypes -Wstrict-prototypes -Wundef -Winit-self -Wpointer-arith -Wshadow -Wuninitialized -Winit-self -Wno-comment -Wimplicit-fallthrough=3 -Wno-strict-overflow -fdiagnostics-show-option -Wno-long-long -pthread -fomit-frame-pointer -ffunction-sections -fdata-sections  -msse -msse2 -msse3 -fvisibility=hidden -DCHECK_FUNCTION_EXISTS=cheev_ -O3 -DNDEBUG  -DNDEBUG -fPIE   -o CMakeFiles/cmTC_61634.dir/CheckFunctionExists.c.o   -c /usr/share/cmake-3.16/Modules/CheckFunctionExists.c
Linking C executable cmTC_61634
/usr/bin/cmake -E cmake_link_script CMakeFiles/cmTC_61634.dir/link.txt --verbose=1
/usr/bin/cc    -fsigned-char -W -Wall -Werror=return-type -Werror=address -Werror=sequence-point -Wformat -Werror=format-security -Wmissing-declarations -Wmissing-prototypes -Wstrict-prototypes -Wundef -Winit-self -Wpointer-arith -Wshadow -Wuninitialized -Winit-self -Wno-comment -Wimplicit-fallthrough=3 -Wno-strict-overflow -fdiagnostics-show-option -Wno-long-long -pthread -fomit-frame-pointer -ffunction-sections -fdata-sections  -msse -msse2 -msse3 -fvisibility=hidden -DCHECK_FUNCTION_EXISTS=cheev_ -O3 -DNDEBUG  -DNDEBUG    -Wl,--gc-sections -Wl,--as-needed  CMakeFiles/cmTC_61634.dir/CheckFunctionExists.c.o  -o cmTC_61634  /usr/lib/x86_64-linux-gnu/libblas.so 
/usr/bin/ld: CMakeFiles/cmTC_61634.dir/CheckFunctionExists.c.o: in function `main':
CheckFunctionExists.c:(.text.startup.main+0x10): undefined reference to `cheev_'
collect2: error: ld returned 1 exit status
make[1]: *** [CMakeFiles/cmTC_61634.dir/build.make:88: cmTC_61634] Error 1
make[1]: Leaving directory '/home/joel/Documents/HPC/hpc-dino-game/opencv/build/CMakeFiles/CMakeTmp'
make: *** [Makefile:121: cmTC_61634/fast] Error 2



Build output check failed:
    Regex: 'command[- ]line option .* is valid for .* but not for C\+\+'
    Output line: 'cc1plus: warning: command line option ‘-Wno-missing-prototypes’ is valid for C/ObjC but not for C++'
Compilation failed:
    source file: '/home/joel/Documents/HPC/hpc-dino-game/opencv/build/CMakeFiles/CMakeTmp/src.cxx'
    check option: ' -Wno-missing-prototypes'
===== BUILD LOG =====
Change Dir: /home/joel/Documents/HPC/hpc-dino-game/opencv/build/CMakeFiles/CMakeTmp

Run Build Command(s):/usr/bin/make cmTC_8713d/fast && /usr/bin/make -f CMakeFiles/cmTC_8713d.dir/build.make CMakeFiles/cmTC_8713d.dir/build
make[1]: Entering directory '/home/joel/Documents/HPC/hpc-dino-game/opencv/build/CMakeFiles/CMakeTmp'
Building CXX object CMakeFiles/cmTC_8713d.dir/src.cxx.o
/usr/bin/c++    -fsigned-char -W -Wall -Werror=return-type -Werror=non-virtual-dtor -Werror=address -Werror=sequence-point -Wformat -Werror=format-security -Wmissing-declarations -Wundef -Winit-self -Wpointer-arith -Wshadow -Wsign-promo -Wuninitialized -Winit-self -Wsuggest-override -Wno-delete-non-virtual-dtor -Wno-comment -Wimplicit-fallthrough=3 -Wno-strict-overflow -fdiagnostics-show-option -Wno-long-long -pthread -fomit-frame-pointer -ffunction-sections -fdata-sections  -msse -msse2 -msse3 -fvisibility=hidden -fvisibility-inlines-hidden -Wno-deprecated  -O3 -DNDEBUG  -DNDEBUG -fPIE    -Wno-missing-prototypes -std=c++11 -o CMakeFiles/cmTC_8713d.dir/src.cxx.o -c /home/joel/Documents/HPC/hpc-dino-game/opencv/build/CMakeFiles/CMakeTmp/src.cxx
cc1plus: warning: command line option ‘-Wno-missing-prototypes’ is valid for C/ObjC but not for C++
/home/joel/Documents/HPC/hpc-dino-game/opencv/build/CMakeFiles/CMakeTmp/src.cxx:1: warning: ignoring #pragma   [-Wunknown-pragmas]
    1 | #pragma
      | 
Linking CXX executable cmTC_8713d
/usr/bin/cmake -E cmake_link_script CMakeFiles/cmTC_8713d.dir/link.txt --verbose=1
/usr/bin/c++     -fsigned-char -W -Wall -Werror=return-type -Werror=non-virtual-dtor -Werror=address -Werror=sequence-point -Wformat -Werror=format-security -Wmissing-declarations -Wundef -Winit-self -Wpointer-arith -Wshadow -Wsign-promo -Wuninitialized -Winit-self -Wsuggest-override -Wno-delete-non-virtual-dtor -Wno-comment -Wimplicit-fallthrough=3 -Wno-strict-overflow -fdiagnostics-show-option -Wno-long-long -pthread -fomit-frame-pointer -ffunction-sections -fdata-sections  -msse -msse2 -msse3 -fvisibility=hidden -fvisibility-inlines-hidden -Wno-deprecated  -O3 -DNDEBUG  -DNDEBUG    -Wl,--gc-sections -Wl,--as-needed  CMakeFiles/cmTC_8713d.dir/src.cxx.o  -o cmTC_8713d 
make[1]: Leaving directory '/home/joel/Documents/HPC/hpc-dino-game/opencv/build/CMakeFiles/CMakeTmp'


===== END =====

Build output check failed:
    Regex: 'unrecognized .*option'
    Output line: 'cc1plus: warning: unrecognized command line option ‘-Wno-tautological-undefined-compare’'
Compilation failed:
    source file: '/home/joel/Documents/HPC/hpc-dino-game/opencv/build/CMakeFiles/CMakeTmp/src.cxx'
    check option: ' -Wno-tautological-undefined-compare'
===== BUILD LOG =====
Change Dir: /home/joel/Documents/HPC/hpc-dino-game/opencv/build/CMakeFiles/CMakeTmp

Run Build Command(s):/usr/bin/make cmTC_368b2/fast && /usr/bin/make -f CMakeFiles/cmTC_368b2.dir/build.make CMakeFiles/cmTC_368b2.dir/build
make[1]: Entering directory '/home/joel/Documents/HPC/hpc-dino-game/opencv/build/CMakeFiles/CMakeTmp'
Building CXX object CMakeFiles/cmTC_368b2.dir/src.cxx.o
/usr/bin/c++    -fsigned-char -W -Wall -Werror=return-type -Werror=non-virtual-dtor -Werror=address -Werror=sequence-point -Wformat -Werror=format-security -Winit-self -Wpointer-arith -Wuninitialized -Winit-self -Wsuggest-override -Wno-delete-non-virtual-dtor -Wno-comment -Wimplicit-fallthrough=3 -Wno-strict-overflow -fdiagnostics-show-option -Wno-long-long -pthread -fomit-frame-pointer -ffunction-sections -fdata-sections  -msse -msse2 -msse3 -fvisibility=hidden -fvisibility-inlines-hidden -Wno-deprecated -Wno-missing-declarations -Wno-shadow -Wno-unused-parameter -Wno-unused-local-typedefs -Wno-sign-compare -Wno-sign-promo -Wno-undef  -O3 -DNDEBUG  -DNDEBUG -fPIE    -Wno-tautological-undefined-compare -std=c++11 -o CMakeFiles/cmTC_368b2.dir/src.cxx.o -c /home/joel/Documents/HPC/hpc-dino-game/opencv/build/CMakeFiles/CMakeTmp/src.cxx
/home/joel/Documents/HPC/hpc-dino-game/opencv/build/CMakeFiles/CMakeTmp/src.cxx:1: warning: ignoring #pragma   [-Wunknown-pragmas]
    1 | #pragma
      | 
cc1plus: warning: unrecognized command line option ‘-Wno-tautological-undefined-compare’
Linking CXX executable cmTC_368b2
/usr/bin/cmake -E cmake_link_script CMakeFiles/cmTC_368b2.dir/link.txt --verbose=1
/usr/bin/c++     -fsigned-char -W -Wall -Werror=return-type -Werror=non-virtual-dtor -Werror=address -Werror=sequence-point -Wformat -Werror=format-security -Winit-self -Wpointer-arith -Wuninitialized -Winit-self -Wsuggest-override -Wno-delete-non-virtual-dtor -Wno-comment -Wimplicit-fallthrough=3 -Wno-strict-overflow -fdiagnostics-show-option -Wno-long-long -pthread -fomit-frame-pointer -ffunction-sections -fdata-sections  -msse -msse2 -msse3 -fvisibility=hidden -fvisibility-inlines-hidden -Wno-deprecated -Wno-missing-declarations -Wno-shadow -Wno-unused-parameter -Wno-unused-local-typedefs -Wno-sign-compare -Wno-sign-promo -Wno-undef  -O3 -DNDEBUG  -DNDEBUG    -Wl,--gc-sections -Wl,--as-needed  CMakeFiles/cmTC_368b2.dir/src.cxx.o  -o cmTC_368b2 
make[1]: Leaving directory '/home/joel/Documents/HPC/hpc-dino-game/opencv/build/CMakeFiles/CMakeTmp'


===== END =====

Build output check failed:
    Regex: 'unrecognized .*option'
    Output line: 'cc1plus: warning: unrecognized command line option ‘-Wno-shorten-64-to-32’'
Compilation failed:
    source file: '/home/joel/Documents/HPC/hpc-dino-game/opencv/build/CMakeFiles/CMakeTmp/src.cxx'
    check option: ' -Wno-shorten-64-to-32'
===== BUILD LOG =====
Change Dir: /home/joel/Documents/HPC/hpc-dino-game/opencv/build/CMakeFiles/CMakeTmp

Run Build Command(s):/usr/bin/make cmTC_ca375/fast && /usr/bin/make -f CMakeFiles/cmTC_ca375.dir/build.make CMakeFiles/cmTC_ca375.dir/build
make[1]: Entering directory '/home/joel/Documents/HPC/hpc-dino-game/opencv/build/CMakeFiles/CMakeTmp'
Building CXX object CMakeFiles/cmTC_ca375.dir/src.cxx.o
/usr/bin/c++    -fsigned-char -W -Wall -Werror=return-type -Werror=non-virtual-dtor -Werror=address -Werror=sequence-point -Wformat -Werror=format-security -Winit-self -Wpointer-arith -Wuninitialized -Winit-self -Wsuggest-override -Wno-delete-non-virtual-dtor -Wno-comment -Wimplicit-fallthrough=3 -Wno-strict-overflow -fdiagnostics-show-option -Wno-long-long -pthread -fomit-frame-pointer -ffunction-sections -fdata-sections  -msse -msse2 -msse3 -fvisibility=hidden -fvisibility-inlines-hidden -Wno-deprecated -Wno-missing-declarations -Wno-shadow -Wno-unused-parameter -Wno-unused-local-typedefs -Wno-sign-compare -Wno-sign-promo -Wno-undef -Wno-ignored-qualifiers -Wno-extra -Wno-unused-function -Wno-unused-const-variable  -O3 -DNDEBUG  -DNDEBUG -fPIE    -Wno-shorten-64-to-32 -std=c++11 -o CMakeFiles/cmTC_ca375.dir/src.cxx.o -c /home/joel/Documents/HPC/hpc-dino-game/opencv/build/CMakeFiles/CMakeTmp/src.cxx
/home/joel/Documents/HPC/hpc-dino-game/opencv/build/CMakeFiles/CMakeTmp/src.cxx:1: warning: ignoring #pragma   [-Wunknown-pragmas]
    1 | #pragma
      | 
cc1plus: warning: unrecognized command line option ‘-Wno-shorten-64-to-32’
Linking CXX executable cmTC_ca375
/usr/bin/cmake -E cmake_link_script CMakeFiles/cmTC_ca375.dir/link.txt --verbose=1
/usr/bin/c++     -fsigned-char -W -Wall -Werror=return-type -Werror=non-virtual-dtor -Werror=address -Werror=sequence-point -Wformat -Werror=format-security -Winit-self -Wpointer-arith -Wuninitialized -Winit-self -Wsuggest-override -Wno-delete-non-virtual-dtor -Wno-comment -Wimplicit-fallthrough=3 -Wno-strict-overflow -fdiagnostics-show-option -Wno-long-long -pthread -fomit-frame-pointer -ffunction-sections -fdata-sections  -msse -msse2 -msse3 -fvisibility=hidden -fvisibility-inlines-hidden -Wno-deprecated -Wno-missing-declarations -Wno-shadow -Wno-unused-parameter -Wno-unused-local-typedefs -Wno-sign-compare -Wno-sign-promo -Wno-undef -Wno-ignored-qualifiers -Wno-extra -Wno-unused-function -Wno-unused-const-variable  -O3 -DNDEBUG  -DNDEBUG    -Wl,--gc-sections -Wl,--as-needed  CMakeFiles/cmTC_ca375.dir/src.cxx.o  -o cmTC_ca375 
make[1]: Leaving directory '/home/joel/Documents/HPC/hpc-dino-game/opencv/build/CMakeFiles/CMakeTmp'


===== END =====

Build output check failed:
    Regex: 'unrecognized .*option'
    Output line: 'cc1plus: warning: unrecognized command line option ‘-Wno-enum-compare-switch’'
Compilation failed:
    source file: '/home/joel/Documents/HPC/hpc-dino-game/opencv/build/CMakeFiles/CMakeTmp/src.cxx'
    check option: ' -Wno-enum-compare-switch'
===== BUILD LOG =====
Change Dir: /home/joel/Documents/HPC/hpc-dino-game/opencv/build/CMakeFiles/CMakeTmp

Run Build Command(s):/usr/bin/make cmTC_83bab/fast && /usr/bin/make -f CMakeFiles/cmTC_83bab.dir/build.make CMakeFiles/cmTC_83bab.dir/build
make[1]: Entering directory '/home/joel/Documents/HPC/hpc-dino-game/opencv/build/CMakeFiles/CMakeTmp'
Building CXX object CMakeFiles/cmTC_83bab.dir/src.cxx.o
/usr/bin/c++    -fsigned-char -W -Wall -Werror=return-type -Werror=non-virtual-dtor -Werror=address -Werror=sequence-point -Wformat -Werror=format-security -Winit-self -Wpointer-arith -Wuninitialized -Winit-self -Wsuggest-override -Wno-delete-non-virtual-dtor -Wno-comment -Wimplicit-fallthrough=3 -Wno-strict-overflow -fdiagnostics-show-option -Wno-long-long -pthread -fomit-frame-pointer -ffunction-sections -fdata-sections  -msse -msse2 -msse3 -fvisibility=hidden -fvisibility-inlines-hidden -Wno-deprecated -Wno-missing-declarations -Wno-shadow -Wno-unused-parameter -Wno-unused-local-typedefs -Wno-sign-compare -Wno-sign-promo -Wno-undef -Wno-ignored-qualifiers -Wno-extra -Wno-unused-function -Wno-unused-const-variable -Wno-invalid-offsetof  -O3 -DNDEBUG  -DNDEBUG -fPIE    -Wno-enum-compare-switch -std=c++11 -o CMakeFiles/cmTC_83bab.dir/src.cxx.o -c /home/joel/Documents/HPC/hpc-dino-game/opencv/build/CMakeFiles/CMakeTmp/src.cxx
/home/joel/Documents/HPC/hpc-dino-game/opencv/build/CMakeFiles/CMakeTmp/src.cxx:1: warning: ignoring #pragma   [-Wunknown-pragmas]
    1 | #pragma
      | 
cc1plus: warning: unrecognized command line option ‘-Wno-enum-compare-switch’
Linking CXX executable cmTC_83bab
/usr/bin/cmake -E cmake_link_script CMakeFiles/cmTC_83bab.dir/link.txt --verbose=1
/usr/bin/c++     -fsigned-char -W -Wall -Werror=return-type -Werror=non-virtual-dtor -Werror=address -Werror=sequence-point -Wformat -Werror=format-security -Winit-self -Wpointer-arith -Wuninitialized -Winit-self -Wsuggest-override -Wno-delete-non-virtual-dtor -Wno-comment -Wimplicit-fallthrough=3 -Wno-strict-overflow -fdiagnostics-show-option -Wno-long-long -pthread -fomit-frame-pointer -ffunction-sections -fdata-sections  -msse -msse2 -msse3 -fvisibility=hidden -fvisibility-inlines-hidden -Wno-deprecated -Wno-missing-declarations -Wno-shadow -Wno-unused-parameter -Wno-unused-local-typedefs -Wno-sign-compare -Wno-sign-promo -Wno-undef -Wno-ignored-qualifiers -Wno-extra -Wno-unused-function -Wno-unused-const-variable -Wno-invalid-offsetof  -O3 -DNDEBUG  -DNDEBUG    -Wl,--gc-sections -Wl,--as-needed  CMakeFiles/cmTC_83bab.dir/src.cxx.o  -o cmTC_83bab 
make[1]: Leaving directory '/home/joel/Documents/HPC/hpc-dino-game/opencv/build/CMakeFiles/CMakeTmp'


===== END =====

Build output check failed:
    Regex: 'unrecognized .*option'
    Output line: 'cc1plus: warning: unrecognized command line option ‘-Wno-inconsistent-missing-override’'
Compilation failed:
    source file: '/home/joel/Documents/HPC/hpc-dino-game/opencv/build/CMakeFiles/CMakeTmp/src.cxx'
    check option: ' -Wno-inconsistent-missing-override'
===== BUILD LOG =====
Change Dir: /home/joel/Documents/HPC/hpc-dino-game/opencv/build/CMakeFiles/CMakeTmp

Run Build Command(s):/usr/bin/make cmTC_afd58/fast && /usr/bin/make -f CMakeFiles/cmTC_afd58.dir/build.make CMakeFiles/cmTC_afd58.dir/build
make[1]: Entering directory '/home/joel/Documents/HPC/hpc-dino-game/opencv/build/CMakeFiles/CMakeTmp'
Building CXX object CMakeFiles/cmTC_afd58.dir/src.cxx.o
/usr/bin/c++    -fsigned-char -W -Wall -Werror=return-type -Werror=non-virtual-dtor -Werror=address -Werror=sequence-point -Wformat -Werror=format-security -Winit-self -Wpointer-arith -Wuninitialized -Winit-self -Wno-delete-non-virtual-dtor -Wno-comment -Wimplicit-fallthrough=3 -Wno-strict-overflow -fdiagnostics-show-option -Wno-long-long -pthread -fomit-frame-pointer -ffunction-sections -fdata-sections  -msse -msse2 -msse3 -fvisibility=hidden -fvisibility-inlines-hidden -Wno-deprecated -Wno-missing-declarations -Wno-shadow -Wno-unused-parameter -Wno-unused-local-typedefs -Wno-sign-compare -Wno-sign-promo -Wno-undef -Wno-ignored-qualifiers -Wno-extra -Wno-unused-function -Wno-unused-const-variable -Wno-invalid-offsetof -Wno-suggest-override  -O3 -DNDEBUG  -DNDEBUG -fPIE    -Wno-inconsistent-missing-override -std=c++11 -o CMakeFiles/cmTC_afd58.dir/src.cxx.o -c /home/joel/Documents/HPC/hpc-dino-game/opencv/build/CMakeFiles/CMakeTmp/src.cxx
/home/joel/Documents/HPC/hpc-dino-game/opencv/build/CMakeFiles/CMakeTmp/src.cxx:1: warning: ignoring #pragma   [-Wunknown-pragmas]
    1 | #pragma
      | 
cc1plus: warning: unrecognized command line option ‘-Wno-inconsistent-missing-override’
Linking CXX executable cmTC_afd58
/usr/bin/cmake -E cmake_link_script CMakeFiles/cmTC_afd58.dir/link.txt --verbose=1
/usr/bin/c++     -fsigned-char -W -Wall -Werror=return-type -Werror=non-virtual-dtor -Werror=address -Werror=sequence-point -Wformat -Werror=format-security -Winit-self -Wpointer-arith -Wuninitialized -Winit-self -Wno-delete-non-virtual-dtor -Wno-comment -Wimplicit-fallthrough=3 -Wno-strict-overflow -fdiagnostics-show-option -Wno-long-long -pthread -fomit-frame-pointer -ffunction-sections -fdata-sections  -msse -msse2 -msse3 -fvisibility=hidden -fvisibility-inlines-hidden -Wno-deprecated -Wno-missing-declarations -Wno-shadow -Wno-unused-parameter -Wno-unused-local-typedefs -Wno-sign-compare -Wno-sign-promo -Wno-undef -Wno-ignored-qualifiers -Wno-extra -Wno-unused-function -Wno-unused-const-variable -Wno-invalid-offsetof -Wno-suggest-override  -O3 -DNDEBUG  -DNDEBUG    -Wl,--gc-sections -Wl,--as-needed  CMakeFiles/cmTC_afd58.dir/src.cxx.o  -o cmTC_afd58 
make[1]: Leaving directory '/home/joel/Documents/HPC/hpc-dino-game/opencv/build/CMakeFiles/CMakeTmp'


===== END =====

Determining if the include file sys/videoio.h exists failed with the following output:
Change Dir: /home/joel/Documents/HPC/hpc-dino-game/opencv/build/CMakeFiles/CMakeTmp

Run Build Command(s):/usr/bin/make cmTC_50fdd/fast && /usr/bin/make -f CMakeFiles/cmTC_50fdd.dir/build.make CMakeFiles/cmTC_50fdd.dir/build
make[1]: Entering directory '/home/joel/Documents/HPC/hpc-dino-game/opencv/build/CMakeFiles/CMakeTmp'
Building C object CMakeFiles/cmTC_50fdd.dir/CheckIncludeFile.c.o
/usr/bin/cc   -fsigned-char -W -Wall -Werror=return-type -Werror=address -Werror=sequence-point -Wformat -Werror=format-security -Wmissing-declarations -Wmissing-prototypes -Wstrict-prototypes -Wundef -Winit-self -Wpointer-arith -Wshadow -Wuninitialized -Winit-self -Wno-comment -Wimplicit-fallthrough=3 -Wno-strict-overflow -fdiagnostics-show-option -Wno-long-long -pthread -fomit-frame-pointer -ffunction-sections -fdata-sections  -msse -msse2 -msse3 -fvisibility=hidden  -O3 -DNDEBUG  -DNDEBUG -fPIE   -o CMakeFiles/cmTC_50fdd.dir/CheckIncludeFile.c.o   -c /home/joel/Documents/HPC/hpc-dino-game/opencv/build/CMakeFiles/CMakeTmp/CheckIncludeFile.c
/home/joel/Documents/HPC/hpc-dino-game/opencv/build/CMakeFiles/CMakeTmp/CheckIncludeFile.c:1:10: fatal error: sys/videoio.h: No such file or directory
    1 | #include <sys/videoio.h>
      |          ^~~~~~~~~~~~~~~
compilation terminated.
make[1]: *** [CMakeFiles/cmTC_50fdd.dir/build.make:66: CMakeFiles/cmTC_50fdd.dir/CheckIncludeFile.c.o] Error 1
make[1]: Leaving directory '/home/joel/Documents/HPC/hpc-dino-game/opencv/build/CMakeFiles/CMakeTmp'
make: *** [Makefile:121: cmTC_50fdd/fast] Error 2



Build output check failed:
    Regex: 'unrecognized .*option'
    Output line: 'cc1plus: warning: unrecognized command line option ‘-Wno-unused-private-field’'
Compilation failed:
    source file: '/home/joel/Documents/HPC/hpc-dino-game/opencv/build/CMakeFiles/CMakeTmp/src.cxx'
    check option: ' -Wno-unused-private-field'
===== BUILD LOG =====
Change Dir: /home/joel/Documents/HPC/hpc-dino-game/opencv/build/CMakeFiles/CMakeTmp

Run Build Command(s):/usr/bin/make cmTC_2fb87/fast && /usr/bin/make -f CMakeFiles/cmTC_2fb87.dir/build.make CMakeFiles/cmTC_2fb87.dir/build
make[1]: Entering directory '/home/joel/Documents/HPC/hpc-dino-game/opencv/build/CMakeFiles/CMakeTmp'
Building CXX object CMakeFiles/cmTC_2fb87.dir/src.cxx.o
/usr/bin/c++    -fsigned-char -W -Wall -Werror=return-type -Werror=non-virtual-dtor -Werror=address -Werror=sequence-point -Wformat -Werror=format-security -Wmissing-declarations -Wundef -Winit-self -Wpointer-arith -Wshadow -Wsign-promo -Wuninitialized -Winit-self -Wsuggest-override -Wno-delete-non-virtual-dtor -Wno-comment -Wimplicit-fallthrough=3 -Wno-strict-overflow -fdiagnostics-show-option -Wno-long-long -pthread -fomit-frame-pointer -ffunction-sections -fdata-sections  -msse -msse2 -msse3 -fvisibility=hidden -fvisibility-inlines-hidden -Wno-unused-function -Wno-deprecated-declarations -Wno-overloaded-virtual  -O3 -DNDEBUG  -DNDEBUG -fPIE    -Wno-unused-private-field -std=c++11 -o CMakeFiles/cmTC_2fb87.dir/src.cxx.o -c /home/joel/Documents/HPC/hpc-dino-game/opencv/build/CMakeFiles/CMakeTmp/src.cxx
/home/joel/Documents/HPC/hpc-dino-game/opencv/build/CMakeFiles/CMakeTmp/src.cxx:1: warning: ignoring #pragma   [-Wunknown-pragmas]
    1 | #pragma
      | 
cc1plus: warning: unrecognized command line option ‘-Wno-unused-private-field’
Linking CXX executable cmTC_2fb87
/usr/bin/cmake -E cmake_link_script CMakeFiles/cmTC_2fb87.dir/link.txt --verbose=1
/usr/bin/c++     -fsigned-char -W -Wall -Werror=return-type -Werror=non-virtual-dtor -Werror=address -Werror=sequence-point -Wformat -Werror=format-security -Wmissing-declarations -Wundef -Winit-self -Wpointer-arith -Wshadow -Wsign-promo -Wuninitialized -Winit-self -Wsuggest-override -Wno-delete-non-virtual-dtor -Wno-comment -Wimplicit-fallthrough=3 -Wno-strict-overflow -fdiagnostics-show-option -Wno-long-long -pthread -fomit-frame-pointer -ffunction-sections -fdata-sections  -msse -msse2 -msse3 -fvisibility=hidden -fvisibility-inlines-hidden -Wno-unused-function -Wno-deprecated-declarations -Wno-overloaded-virtual  -O3 -DNDEBUG  -DNDEBUG    -Wl,--gc-sections -Wl,--as-needed  CMakeFiles/cmTC_2fb87.dir/src.cxx.o  -o cmTC_2fb87 
make[1]: Leaving directory '/home/joel/Documents/HPC/hpc-dino-game/opencv/build/CMakeFiles/CMakeTmp'


===== END =====

